<?xml version="1.0" encoding="UTF-8"?>
<testng-results ignored="0" total="2" passed="2" failed="0" skipped="0">
  <reporter-output>
  </reporter-output>
  <suite started-at="2023-04-03T00:13:26 IST" name="Suite" finished-at="2023-04-03T00:13:44 IST" duration-ms="17742">
    <groups>
    </groups>
    <test started-at="2023-04-03T00:13:26 IST" name="Test" finished-at="2023-04-03T00:13:44 IST" duration-ms="17742">
      <class name="testCases.Signup">
        <test-method is-config="true" signature="openurl()[pri:0, instance:testCases.Signup@2e005c4b]" started-at="2023-04-03T00:13:35 IST" name="openurl" finished-at="2023-04-03T00:13:37 IST" duration-ms="2600" status="PASS">
          <reporter-output>
          </reporter-output>
        </test-method> <!-- openurl -->
        <test-method signature="Signup()[pri:0, instance:testCases.Signup@2e005c4b]" started-at="2023-04-03T00:13:37 IST" name="Signup" finished-at="2023-04-03T00:13:43 IST" duration-ms="6000" status="PASS">
          <reporter-output>
          </reporter-output>
        </test-method> <!-- Signup -->
        <test-method is-config="true" signature="closeBrowser()[pri:0, instance:testCases.Signup@2e005c4b]" started-at="2023-04-03T00:13:43 IST" name="closeBrowser" finished-at="2023-04-03T00:13:44 IST" duration-ms="263" status="PASS">
          <reporter-output>
          </reporter-output>
        </test-method> <!-- closeBrowser -->
      </class> <!-- testCases.Signup -->
      <class name="testCases.Vlogin">
        <test-method is-config="true" signature="openurl()[pri:0, instance:testCases.Vlogin@16ec5519]" started-at="2023-04-03T00:13:26 IST" name="openurl" finished-at="2023-04-03T00:13:30 IST" duration-ms="4027" status="PASS">
          <reporter-output>
          </reporter-output>
        </test-method> <!-- openurl -->
        <test-method signature="Vlogin()[pri:0, instance:testCases.Vlogin@16ec5519]" started-at="2023-04-03T00:13:30 IST" name="Vlogin" finished-at="2023-04-03T00:13:35 IST" duration-ms="4811" status="PASS">
          <reporter-output>
          </reporter-output>
        </test-method> <!-- Vlogin -->
        <test-method is-config="true" signature="closeBrowser()[pri:0, instance:testCases.Vlogin@16ec5519]" started-at="2023-04-03T00:13:35 IST" name="closeBrowser" finished-at="2023-04-03T00:13:35 IST" duration-ms="0" status="PASS">
          <reporter-output>
          </reporter-output>
        </test-method> <!-- closeBrowser -->
      </class> <!-- testCases.Vlogin -->
    </test> <!-- Test -->
  </suite> <!-- Suite -->
</testng-results>
